2006.05.02 13:24 B E:\outros sites\fassp.edu.br\adm\htmlarea\plugins\FullPage\popups\docprop.html <-- fassp.edu.br /www/adm/htmlarea/plugins/FullPage/popups docprop.html
2006.05.17 09:37 B E:\desenvolvimento\admin\htmlarea\plugins\FullPage\popups\docprop.html --> 66.36.229.138 /www/admin/htmlarea/plugins/FullPage/popups docprop.html
2006.05.17 09:37 B E:\desenvolvimento\admin\htmlarea\plugins\FullPage\popups\WS_FTP.LOG --> 66.36.229.138 /www/admin/htmlarea/plugins/FullPage/popups WS_FTP.LOG
2006.07.10 15:08 B D:\sites\administracao_tonaweb\admin\htmlarea\plugins\FullPage\popups\docprop.html --> 66.36.229.138 /www/admin/htmlarea/plugins/FullPage/popups docprop.html
2006.11.28 04:14 B C:\Arquivos de programas\WS_FTP\backup\tonaweb.org\home\www\admin\htmlarea\plugins\FullPage\popups\WS_FTP.LOG <-- tonaweb.org /public_html/admin/htmlarea/plugins/FullPage/popups WS_FTP.LOG
2006.12.15 19:52 B C:\backup\sites\hospedagem\ativos\tonaweb.org\home\public_html\admin\htmlarea\plugins\FullPage\popups\docprop.html --> painelhost.com.br /public_html/admin/htmlarea/plugins/FullPage/popups docprop.html
2006.12.15 19:52 B C:\backup\sites\hospedagem\ativos\tonaweb.org\home\public_html\admin\htmlarea\plugins\FullPage\popups\WS_FTP.LOG --> painelhost.com.br /public_html/admin/htmlarea/plugins/FullPage/popups WS_FTP.LOG
2006.12.20 12:29 B C:\backup\sites\desenvolvimento\painelhost_antigo\admin\htmlarea\plugins\FullPage\popups\docprop.html --> 72.232.80.75 /public_html/admin/htmlarea/plugins/FullPage/popups docprop.html
2007.02.05 14:31 A d:\hostpanel\sites\hostpanel.com.br\public_html\admin\htmlarea\plugins\FullPage\popups\WS_FTP.LOG <-- hostpanel.com.br /public_html/admin/htmlarea/plugins/FullPage/popups WS_FTP.LOG
2007.02.12 11:04 B d:\hostpanel\sites\hostpanel.com.br\public_html\admin\htmlarea\plugins\FullPage\popups\WS_FTP.LOG --> 72.232.80.77 /www/admin/htmlarea/plugins/FullPage/popups WS_FTP.LOG
2007.02.26 00:09 B D:\hostpanel\sites\painelhost.com\public_html\admin_demo\htmlarea\plugins\FullPage\popups\docprop.html --> painelhost.com /www/admin_demo/htmlarea/plugins/FullPage/popups docprop.html
2007.02.26 00:09 B D:\hostpanel\sites\painelhost.com\public_html\admin_demo\htmlarea\plugins\FullPage\popups\WS_FTP.LOG --> painelhost.com /www/admin_demo/htmlarea/plugins/FullPage/popups WS_FTP.LOG
2007.03.01 21:17 B d:\hostpanel\sites\hostpanel.com.br\public_html\admin\htmlarea\plugins\FullPage\popups\WS_FTP.LOG --> 72.232.80.77 /www/admin/htmlarea/plugins/FullPage/popups WS_FTP.LOG
2007.03.10 09:32 B D:\sites\hostpanel.com.br\public_html\admin\htmlarea\plugins\FullPage\popups\docprop.html --> 72.232.80.77 /www/admin/htmlarea/plugins/FullPage/popups docprop.html
2007.03.10 09:32 B D:\sites\hostpanel.com.br\public_html\admin\htmlarea\plugins\FullPage\popups\WS_FTP.LOG --> 72.232.80.77 /www/admin/htmlarea/plugins/FullPage/popups WS_FTP.LOG
2007.03.30 08:31 B d:\sites\hostpanel.com.br\public_html\admin\htmlarea\plugins\FullPage\popups\docprop.html --> 72.232.80.74 /www/admin/htmlarea/plugins/FullPage/popups docprop.html
2007.03.30 08:31 B d:\sites\hostpanel.com.br\public_html\admin\htmlarea\plugins\FullPage\popups\WS_FTP.LOG --> 72.232.80.74 /www/admin/htmlarea/plugins/FullPage/popups WS_FTP.LOG
2007.04.14 18:16 B C:\sites\Painel Host\nyah-hosting.net\admin\htmlarea\plugins\FullPage\popups\docprop.html --> painelhost.com /www/admin/htmlarea/plugins/FullPage/popups docprop.html
2007.04.14 18:16 B C:\sites\Painel Host\nyah-hosting.net\admin\htmlarea\plugins\FullPage\popups\WS_FTP.LOG --> painelhost.com /www/admin/htmlarea/plugins/FullPage/popups WS_FTP.LOG
2007.04.19 12:32 B C:\sites\Painel Host\bend.com.br\www\admin\htmlarea\plugins\FullPage\popups\docprop.html --> bend.com.br /public_html/admin/htmlarea/plugins/FullPage/popups docprop.html
2007.05.24 20:44 B c:\bend.com.br\admin\htmlarea\plugins\FullPage\popups\WS_FTP.LOG <-- bend.com.br /public_html/admin/htmlarea/plugins/FullPage/popups WS_FTP.LOG
2007.05.28 21:34 B c:\sites\Painel Host\sistemarevenda\bend.com.br\criptografado\admin\htmlarea\plugins\FullPage\popups\docprop.html --> hostpanel.com.br /www/admin/htmlarea/plugins/FullPage/popups docprop.html
2007.08.06 22:27 B c:\sites\desenvolvidos\hostpanel.com.br\public_html\admin\htmlarea\plugins\FullPage\popups\WS_FTP.LOG <-- hostpanel.com.br /public_html/admin/htmlarea/plugins/FullPage/popups WS_FTP.LOG
2007.08.17 18:41 B c:\sites\desenvolvidos\hostpanel.com.br\public_html\admin\htmlarea\plugins\FullPage\popups\docprop.html --> hostpanel.com.br /www/admin/htmlarea/plugins/FullPage/popups docprop.html
2007.08.17 18:41 B c:\sites\desenvolvidos\hostpanel.com.br\public_html\admin\htmlarea\plugins\FullPage\popups\WS_FTP.LOG --> hostpanel.com.br /www/admin/htmlarea/plugins/FullPage/popups WS_FTP.LOG
2007.08.17 22:26 B c:\sites\desenvolvidos\hostpanel.com.br\public_html\admin\htmlarea\plugins\FullPage\popups\docprop.html <-- hostpanel.com.br /www/admin/htmlarea/plugins/FullPage/popups docprop.html
2007.09.20 09:47 B c:\sites\desenvolvidos\hostpanel.com.br\public_html\admin\htmlarea\plugins\FullPage\popups\docprop.html --> vipreseller11.net /www/admin/htmlarea/plugins/FullPage/popups docprop.html
2008.09.13 16:20 B d:\sites\painelhost.com\admin\htmlarea\plugins\FullPage\popups\WS_FTP.LOG <-- painelhost.com /public_html/admin/htmlarea/plugins/FullPage/popups WS_FTP.LOG
2008.09.30 14:03 B D:\sites\painelhost.com\admin\htmlarea\plugins\FullPage\popups\docprop.html --> empresascampinas.com.br /public_html/admin/htmlarea/plugins/FullPage/popups docprop.html
2008.09.30 14:03 B D:\sites\painelhost.com\admin\htmlarea\plugins\FullPage\popups\WS_FTP.LOG --> empresascampinas.com.br /public_html/admin/htmlarea/plugins/FullPage/popups WS_FTP.LOG
2008.10.06 00:37 B D:\sites\painelhost.com\admin\htmlarea\plugins\FullPage\popups\docprop.html --> painelhost.com /public_html/admin/htmlarea/plugins/FullPage/popups docprop.html
2008.10.06 00:37 B D:\sites\painelhost.com\admin\htmlarea\plugins\FullPage\popups\WS_FTP.LOG --> painelhost.com /public_html/admin/htmlarea/plugins/FullPage/popups WS_FTP.LOG
2008.11.25 09:44 B D:\Sites\painelhost.com\admin\htmlarea\plugins\FullPage\popups\docprop.html --> painelhost.com /public_html/admin/htmlarea/plugins/FullPage/popups docprop.html
2008.11.25 09:44 B D:\Sites\painelhost.com\admin\htmlarea\plugins\FullPage\popups\WS_FTP.LOG --> painelhost.com /public_html/admin/htmlarea/plugins/FullPage/popups WS_FTP.LOG
2008.12.04 17:27 B D:\sites\painelhost.com\admin\htmlarea\plugins\FullPage\popups\docprop.html --> avipetcampinas.com.br /public_html/admin/htmlarea/plugins/FullPage/popups docprop.html
2008.12.04 17:27 B D:\sites\painelhost.com\admin\htmlarea\plugins\FullPage\popups\WS_FTP.LOG --> avipetcampinas.com.br /public_html/admin/htmlarea/plugins/FullPage/popups WS_FTP.LOG
2008.12.22 20:43 B F:\sites\desenvolvidos\painelhost.com\admin\htmlarea\plugins\FullPage\popups\docprop.html --> painelhost.com /public_html/admin/htmlarea/plugins/FullPage/popups docprop.html
2008.12.22 20:43 B F:\sites\desenvolvidos\painelhost.com\admin\htmlarea\plugins\FullPage\popups\WS_FTP.LOG --> painelhost.com /public_html/admin/htmlarea/plugins/FullPage/popups WS_FTP.LOG
2009.01.02 10:30 B D:\sites\desenvolvidos\empresasnainternet.com.br\admin\htmlarea\plugins\FullPage\popups\docprop.html --> painelhost.com /public_html/admin/htmlarea/plugins/FullPage/popups docprop.html
2009.01.02 11:21 B D:\sites\desenvolvimento\oliveirapinturas.com.br\admin\htmlarea\plugins\FullPage\popups\WS_FTP.LOG <-- oliveirapinturas.com.br /public_html/admin/htmlarea/plugins/FullPage/popups WS_FTP.LOG
2009.01.26 11:50 B C:\apache\htdocs\oliveirapinturas.com.br\admin\htmlarea\plugins\FullPage\popups\docprop.html --> empresasnainternet.com.br /public_html/desenvolvimento/oliveirapinturas.com.br/admin/htmlarea/plugins/FullPage/popups docprop.html
2009.01.26 11:50 B C:\apache\htdocs\oliveirapinturas.com.br\admin\htmlarea\plugins\FullPage\popups\WS_FTP.LOG --> empresasnainternet.com.br /public_html/desenvolvimento/oliveirapinturas.com.br/admin/htmlarea/plugins/FullPage/popups WS_FTP.LOG
2009.01.30 14:05 B D:\Sites\desenvolvimento\oliveirapinturas.com.br\admin\htmlarea\plugins\FullPage\popups\WS_FTP.LOG --> empresasnainternet.com.br /public_html/desenvolvimento/oliveirapinturas.com.br/admin/htmlarea/plugins/FullPage/popups WS_FTP.LOG
2009.02.03 08:48 B D:\Sites\desenvolvimento\oliveirapinturas.com.br\admin\htmlarea\plugins\FullPage\popups\WS_FTP.LOG --> empresasnainternet.com.br /public_html/desenvolvimento/oliveirapinturas.com.br/admin/htmlarea/plugins/FullPage/popups WS_FTP.LOG
2009.02.04 09:11 B D:\Sites\desenvolvimento\brasilbearlovers.com\admin\htmlarea\plugins\FullPage\popups\docprop.html --> empresasnainternet.com.br /public_html/admin/htmlarea/plugins/FullPage/popups docprop.html
2009.02.04 09:11 B D:\Sites\desenvolvimento\brasilbearlovers.com\admin\htmlarea\plugins\FullPage\popups\WS_FTP.LOG --> empresasnainternet.com.br /public_html/admin/htmlarea/plugins/FullPage/popups WS_FTP.LOG
2009.04.16 14:49 B D:\sites\admin\htmlarea\plugins\FullPage\popups\docprop.html --> empresasnainternet.com.br /public_html/admin/htmlarea/plugins/FullPage/popups docprop.html
2009.04.16 14:49 B D:\sites\admin\htmlarea\plugins\FullPage\popups\WS_FTP.LOG --> empresasnainternet.com.br /public_html/admin/htmlarea/plugins/FullPage/popups WS_FTP.LOG
2009.06.21 12:53 B d:\apresentacao\admin\htmlarea\plugins\FullPage\popups\docprop.html --> empresasnainternet.com.br /public_html/admin/htmlarea/plugins/FullPage/popups docprop.html
2009.06.21 12:53 B d:\apresentacao\admin\htmlarea\plugins\FullPage\popups\WS_FTP.LOG --> empresasnainternet.com.br /public_html/admin/htmlarea/plugins/FullPage/popups WS_FTP.LOG
2009.07.01 09:07 B D:\sites\desenvolvimento\multmetais\admin\htmlarea\plugins\FullPage\popups\docprop.html --> empresasnainternet.com.br /public_html/admin/htmlarea/plugins/FullPage/popups docprop.html
2009.07.01 09:07 B D:\sites\desenvolvimento\multmetais\admin\htmlarea\plugins\FullPage\popups\WS_FTP.LOG --> empresasnainternet.com.br /public_html/admin/htmlarea/plugins/FullPage/popups WS_FTP.LOG
