2006.05.02 13:24 B E:\outros sites\fassp.edu.br\adm\htmlarea\plugins\CSS\lang\en.js <-- fassp.edu.br /www/adm/htmlarea/plugins/CSS/lang en.js
2006.05.17 09:36 B E:\desenvolvimento\admin\htmlarea\plugins\CSS\lang\en.js --> 66.36.229.138 /www/admin/htmlarea/plugins/CSS/lang en.js
2006.05.17 09:36 B E:\desenvolvimento\admin\htmlarea\plugins\CSS\lang\WS_FTP.LOG --> 66.36.229.138 /www/admin/htmlarea/plugins/CSS/lang WS_FTP.LOG
2006.07.10 15:08 B D:\sites\administracao_tonaweb\admin\htmlarea\plugins\CSS\lang\en.js --> 66.36.229.138 /www/admin/htmlarea/plugins/CSS/lang en.js
2006.11.28 04:14 B C:\Arquivos de programas\WS_FTP\backup\tonaweb.org\home\www\admin\htmlarea\plugins\CSS\lang\WS_FTP.LOG <-- tonaweb.org /public_html/admin/htmlarea/plugins/CSS/lang WS_FTP.LOG
2006.12.15 19:51 B C:\backup\sites\hospedagem\ativos\tonaweb.org\home\public_html\admin\htmlarea\plugins\CSS\lang\en.js --> painelhost.com.br /public_html/admin/htmlarea/plugins/CSS/lang en.js
2006.12.15 19:51 B C:\backup\sites\hospedagem\ativos\tonaweb.org\home\public_html\admin\htmlarea\plugins\CSS\lang\WS_FTP.LOG --> painelhost.com.br /public_html/admin/htmlarea/plugins/CSS/lang WS_FTP.LOG
2006.12.20 12:29 B C:\backup\sites\desenvolvimento\painelhost_antigo\admin\htmlarea\plugins\CSS\lang\en.js --> 72.232.80.75 /public_html/admin/htmlarea/plugins/CSS/lang en.js
2007.02.05 14:31 A d:\hostpanel\sites\hostpanel.com.br\public_html\admin\htmlarea\plugins\CSS\lang\WS_FTP.LOG <-- hostpanel.com.br /public_html/admin/htmlarea/plugins/CSS/lang WS_FTP.LOG
2007.02.12 11:04 B d:\hostpanel\sites\hostpanel.com.br\public_html\admin\htmlarea\plugins\CSS\lang\WS_FTP.LOG --> 72.232.80.77 /www/admin/htmlarea/plugins/CSS/lang WS_FTP.LOG
2007.02.26 00:09 B D:\hostpanel\sites\painelhost.com\public_html\admin_demo\htmlarea\plugins\CSS\lang\en.js --> painelhost.com /www/admin_demo/htmlarea/plugins/CSS/lang en.js
2007.02.26 00:09 B D:\hostpanel\sites\painelhost.com\public_html\admin_demo\htmlarea\plugins\CSS\lang\WS_FTP.LOG --> painelhost.com /www/admin_demo/htmlarea/plugins/CSS/lang WS_FTP.LOG
2007.03.01 21:17 B d:\hostpanel\sites\hostpanel.com.br\public_html\admin\htmlarea\plugins\CSS\lang\WS_FTP.LOG --> 72.232.80.77 /www/admin/htmlarea/plugins/CSS/lang WS_FTP.LOG
2007.03.10 09:31 B D:\sites\hostpanel.com.br\public_html\admin\htmlarea\plugins\CSS\lang\en.js --> 72.232.80.77 /www/admin/htmlarea/plugins/CSS/lang en.js
2007.03.10 09:31 B D:\sites\hostpanel.com.br\public_html\admin\htmlarea\plugins\CSS\lang\WS_FTP.LOG --> 72.232.80.77 /www/admin/htmlarea/plugins/CSS/lang WS_FTP.LOG
2007.03.30 08:30 B d:\sites\hostpanel.com.br\public_html\admin\htmlarea\plugins\CSS\lang\en.js --> 72.232.80.74 /www/admin/htmlarea/plugins/CSS/lang en.js
2007.03.30 08:30 B d:\sites\hostpanel.com.br\public_html\admin\htmlarea\plugins\CSS\lang\WS_FTP.LOG --> 72.232.80.74 /www/admin/htmlarea/plugins/CSS/lang WS_FTP.LOG
2007.04.14 18:16 B C:\sites\Painel Host\nyah-hosting.net\admin\htmlarea\plugins\CSS\lang\en.js --> painelhost.com /www/admin/htmlarea/plugins/CSS/lang en.js
2007.04.14 18:16 B C:\sites\Painel Host\nyah-hosting.net\admin\htmlarea\plugins\CSS\lang\WS_FTP.LOG --> painelhost.com /www/admin/htmlarea/plugins/CSS/lang WS_FTP.LOG
2007.04.19 12:31 B C:\sites\Painel Host\bend.com.br\www\admin\htmlarea\plugins\CSS\lang\en.js --> bend.com.br /public_html/admin/htmlarea/plugins/CSS/lang en.js
2007.05.24 20:43 B c:\bend.com.br\admin\htmlarea\plugins\CSS\lang\WS_FTP.LOG <-- bend.com.br /public_html/admin/htmlarea/plugins/CSS/lang WS_FTP.LOG
2007.05.28 21:33 B c:\sites\Painel Host\sistemarevenda\bend.com.br\criptografado\admin\htmlarea\plugins\CSS\lang\en.js --> hostpanel.com.br /www/admin/htmlarea/plugins/CSS/lang en.js
2007.08.06 22:27 B c:\sites\desenvolvidos\hostpanel.com.br\public_html\admin\htmlarea\plugins\CSS\lang\WS_FTP.LOG <-- hostpanel.com.br /public_html/admin/htmlarea/plugins/CSS/lang WS_FTP.LOG
2007.08.17 18:40 B c:\sites\desenvolvidos\hostpanel.com.br\public_html\admin\htmlarea\plugins\CSS\lang\en.js --> hostpanel.com.br /www/admin/htmlarea/plugins/CSS/lang en.js
2007.08.17 18:40 B c:\sites\desenvolvidos\hostpanel.com.br\public_html\admin\htmlarea\plugins\CSS\lang\WS_FTP.LOG --> hostpanel.com.br /www/admin/htmlarea/plugins/CSS/lang WS_FTP.LOG
2007.08.17 22:24 B c:\sites\desenvolvidos\hostpanel.com.br\public_html\admin\htmlarea\plugins\CSS\lang\en.js <-- hostpanel.com.br /www/admin/htmlarea/plugins/CSS/lang en.js
2007.09.20 09:45 B c:\sites\desenvolvidos\hostpanel.com.br\public_html\admin\htmlarea\plugins\CSS\lang\en.js --> vipreseller11.net /www/admin/htmlarea/plugins/CSS/lang en.js
2008.09.13 16:20 B d:\sites\painelhost.com\admin\htmlarea\plugins\CSS\lang\WS_FTP.LOG <-- painelhost.com /public_html/admin/htmlarea/plugins/CSS/lang WS_FTP.LOG
2008.09.30 14:03 B D:\sites\painelhost.com\admin\htmlarea\plugins\CSS\lang\en.js --> empresascampinas.com.br /public_html/admin/htmlarea/plugins/CSS/lang en.js
2008.09.30 14:03 B D:\sites\painelhost.com\admin\htmlarea\plugins\CSS\lang\WS_FTP.LOG --> empresascampinas.com.br /public_html/admin/htmlarea/plugins/CSS/lang WS_FTP.LOG
2008.10.06 00:37 B D:\sites\painelhost.com\admin\htmlarea\plugins\CSS\lang\en.js --> painelhost.com /public_html/admin/htmlarea/plugins/CSS/lang en.js
2008.10.06 00:37 B D:\sites\painelhost.com\admin\htmlarea\plugins\CSS\lang\WS_FTP.LOG --> painelhost.com /public_html/admin/htmlarea/plugins/CSS/lang WS_FTP.LOG
2008.11.25 09:43 B D:\Sites\painelhost.com\admin\htmlarea\plugins\CSS\lang\en.js --> painelhost.com /public_html/admin/htmlarea/plugins/CSS/lang en.js
2008.11.25 09:43 B D:\Sites\painelhost.com\admin\htmlarea\plugins\CSS\lang\WS_FTP.LOG --> painelhost.com /public_html/admin/htmlarea/plugins/CSS/lang WS_FTP.LOG
2008.12.04 17:27 B D:\sites\painelhost.com\admin\htmlarea\plugins\CSS\lang\en.js --> avipetcampinas.com.br /public_html/admin/htmlarea/plugins/CSS/lang en.js
2008.12.04 17:27 B D:\sites\painelhost.com\admin\htmlarea\plugins\CSS\lang\WS_FTP.LOG --> avipetcampinas.com.br /public_html/admin/htmlarea/plugins/CSS/lang WS_FTP.LOG
2008.12.22 20:43 B F:\sites\desenvolvidos\painelhost.com\admin\htmlarea\plugins\CSS\lang\en.js --> painelhost.com /public_html/admin/htmlarea/plugins/CSS/lang en.js
2008.12.22 20:43 B F:\sites\desenvolvidos\painelhost.com\admin\htmlarea\plugins\CSS\lang\WS_FTP.LOG --> painelhost.com /public_html/admin/htmlarea/plugins/CSS/lang WS_FTP.LOG
2009.01.02 10:30 B D:\sites\desenvolvidos\empresasnainternet.com.br\admin\htmlarea\plugins\CSS\lang\en.js --> painelhost.com /public_html/admin/htmlarea/plugins/CSS/lang en.js
2009.01.02 11:21 B D:\sites\desenvolvimento\oliveirapinturas.com.br\admin\htmlarea\plugins\CSS\lang\WS_FTP.LOG <-- oliveirapinturas.com.br /public_html/admin/htmlarea/plugins/CSS/lang WS_FTP.LOG
2009.01.26 11:49 B C:\apache\htdocs\oliveirapinturas.com.br\admin\htmlarea\plugins\CSS\lang\en.js --> empresasnainternet.com.br /public_html/desenvolvimento/oliveirapinturas.com.br/admin/htmlarea/plugins/CSS/lang en.js
2009.01.26 11:49 B C:\apache\htdocs\oliveirapinturas.com.br\admin\htmlarea\plugins\CSS\lang\WS_FTP.LOG --> empresasnainternet.com.br /public_html/desenvolvimento/oliveirapinturas.com.br/admin/htmlarea/plugins/CSS/lang WS_FTP.LOG
2009.01.30 14:04 B D:\Sites\desenvolvimento\oliveirapinturas.com.br\admin\htmlarea\plugins\CSS\lang\WS_FTP.LOG --> empresasnainternet.com.br /public_html/desenvolvimento/oliveirapinturas.com.br/admin/htmlarea/plugins/CSS/lang WS_FTP.LOG
2009.02.03 08:47 B D:\Sites\desenvolvimento\oliveirapinturas.com.br\admin\htmlarea\plugins\CSS\lang\WS_FTP.LOG --> empresasnainternet.com.br /public_html/desenvolvimento/oliveirapinturas.com.br/admin/htmlarea/plugins/CSS/lang WS_FTP.LOG
2009.02.04 09:10 B D:\Sites\desenvolvimento\brasilbearlovers.com\admin\htmlarea\plugins\CSS\lang\en.js --> empresasnainternet.com.br /public_html/admin/htmlarea/plugins/CSS/lang en.js
2009.02.04 09:10 B D:\Sites\desenvolvimento\brasilbearlovers.com\admin\htmlarea\plugins\CSS\lang\WS_FTP.LOG --> empresasnainternet.com.br /public_html/admin/htmlarea/plugins/CSS/lang WS_FTP.LOG
2009.04.16 14:48 B D:\sites\admin\htmlarea\plugins\CSS\lang\en.js --> empresasnainternet.com.br /public_html/admin/htmlarea/plugins/CSS/lang en.js
2009.04.16 14:48 B D:\sites\admin\htmlarea\plugins\CSS\lang\WS_FTP.LOG --> empresasnainternet.com.br /public_html/admin/htmlarea/plugins/CSS/lang WS_FTP.LOG
2009.06.21 12:52 B d:\apresentacao\admin\htmlarea\plugins\CSS\lang\en.js --> empresasnainternet.com.br /public_html/admin/htmlarea/plugins/CSS/lang en.js
2009.06.21 12:52 B d:\apresentacao\admin\htmlarea\plugins\CSS\lang\WS_FTP.LOG --> empresasnainternet.com.br /public_html/admin/htmlarea/plugins/CSS/lang WS_FTP.LOG
2009.07.01 09:06 B D:\sites\desenvolvimento\multmetais\admin\htmlarea\plugins\CSS\lang\en.js --> empresasnainternet.com.br /public_html/admin/htmlarea/plugins/CSS/lang en.js
2009.07.01 09:06 B D:\sites\desenvolvimento\multmetais\admin\htmlarea\plugins\CSS\lang\WS_FTP.LOG --> empresasnainternet.com.br /public_html/admin/htmlarea/plugins/CSS/lang WS_FTP.LOG
