2007.05.24 20:45 B c:\bend.com.br\admin\htmlarea\plugins\SpellChecker\lang\cz.js <-- bend.com.br /public_html/admin/htmlarea/plugins/SpellChecker/lang cz.js
2007.05.24 20:45 B c:\bend.com.br\admin\htmlarea\plugins\SpellChecker\lang\da.js <-- bend.com.br /public_html/admin/htmlarea/plugins/SpellChecker/lang da.js
2007.05.24 22:11 B C:\sites\Painel Host\sistemarevenda\bend.com.br\criptografado\admin\htmlarea\plugins\SpellChecker\lang\de.js <-- bend.com.br /public_html/admin/htmlarea/plugins/SpellChecker/lang de.js
2007.05.24 22:11 B C:\sites\Painel Host\sistemarevenda\bend.com.br\criptografado\admin\htmlarea\plugins\SpellChecker\lang\en.js <-- bend.com.br /public_html/admin/htmlarea/plugins/SpellChecker/lang en.js
2007.05.24 22:11 B C:\sites\Painel Host\sistemarevenda\bend.com.br\criptografado\admin\htmlarea\plugins\SpellChecker\lang\hu.js <-- bend.com.br /public_html/admin/htmlarea/plugins/SpellChecker/lang hu.js
2007.05.24 22:11 B C:\sites\Painel Host\sistemarevenda\bend.com.br\criptografado\admin\htmlarea\plugins\SpellChecker\lang\it.js <-- bend.com.br /public_html/admin/htmlarea/plugins/SpellChecker/lang it.js
2007.05.24 22:11 B C:\sites\Painel Host\sistemarevenda\bend.com.br\criptografado\admin\htmlarea\plugins\SpellChecker\lang\ro.js <-- bend.com.br /public_html/admin/htmlarea/plugins/SpellChecker/lang ro.js
2007.05.28 21:34 B c:\sites\Painel Host\sistemarevenda\bend.com.br\criptografado\admin\htmlarea\plugins\SpellChecker\lang\cz.js --> hostpanel.com.br /www/admin/htmlarea/plugins/SpellChecker/lang cz.js
2007.05.28 21:34 B c:\sites\Painel Host\sistemarevenda\bend.com.br\criptografado\admin\htmlarea\plugins\SpellChecker\lang\da.js --> hostpanel.com.br /www/admin/htmlarea/plugins/SpellChecker/lang da.js
2007.05.28 21:34 B c:\sites\Painel Host\sistemarevenda\bend.com.br\criptografado\admin\htmlarea\plugins\SpellChecker\lang\de.js --> hostpanel.com.br /www/admin/htmlarea/plugins/SpellChecker/lang de.js
2007.05.28 21:34 B c:\sites\Painel Host\sistemarevenda\bend.com.br\criptografado\admin\htmlarea\plugins\SpellChecker\lang\en.js --> hostpanel.com.br /www/admin/htmlarea/plugins/SpellChecker/lang en.js
2007.05.28 21:34 B c:\sites\Painel Host\sistemarevenda\bend.com.br\criptografado\admin\htmlarea\plugins\SpellChecker\lang\hu.js --> hostpanel.com.br /www/admin/htmlarea/plugins/SpellChecker/lang hu.js
2007.05.28 21:34 B c:\sites\Painel Host\sistemarevenda\bend.com.br\criptografado\admin\htmlarea\plugins\SpellChecker\lang\it.js --> hostpanel.com.br /www/admin/htmlarea/plugins/SpellChecker/lang it.js
2007.05.28 21:34 B c:\sites\Painel Host\sistemarevenda\bend.com.br\criptografado\admin\htmlarea\plugins\SpellChecker\lang\ro.js --> hostpanel.com.br /www/admin/htmlarea/plugins/SpellChecker/lang ro.js
2007.08.06 22:27 B c:\sites\desenvolvidos\hostpanel.com.br\public_html\admin\htmlarea\plugins\SpellChecker\lang\WS_FTP.LOG <-- hostpanel.com.br /public_html/admin/htmlarea/plugins/SpellChecker/lang WS_FTP.LOG
2007.08.17 18:41 B c:\sites\desenvolvidos\hostpanel.com.br\public_html\admin\htmlarea\plugins\SpellChecker\lang\cz.js --> hostpanel.com.br /www/admin/htmlarea/plugins/SpellChecker/lang cz.js
2007.08.17 18:42 B c:\sites\desenvolvidos\hostpanel.com.br\public_html\admin\htmlarea\plugins\SpellChecker\lang\da.js --> hostpanel.com.br /www/admin/htmlarea/plugins/SpellChecker/lang da.js
2007.08.17 18:42 B c:\sites\desenvolvidos\hostpanel.com.br\public_html\admin\htmlarea\plugins\SpellChecker\lang\de.js --> hostpanel.com.br /www/admin/htmlarea/plugins/SpellChecker/lang de.js
2007.08.17 18:42 B c:\sites\desenvolvidos\hostpanel.com.br\public_html\admin\htmlarea\plugins\SpellChecker\lang\en.js --> hostpanel.com.br /www/admin/htmlarea/plugins/SpellChecker/lang en.js
2007.08.17 18:42 B c:\sites\desenvolvidos\hostpanel.com.br\public_html\admin\htmlarea\plugins\SpellChecker\lang\hu.js --> hostpanel.com.br /www/admin/htmlarea/plugins/SpellChecker/lang hu.js
2007.08.17 18:42 B c:\sites\desenvolvidos\hostpanel.com.br\public_html\admin\htmlarea\plugins\SpellChecker\lang\it.js --> hostpanel.com.br /www/admin/htmlarea/plugins/SpellChecker/lang it.js
2007.08.17 18:42 B c:\sites\desenvolvidos\hostpanel.com.br\public_html\admin\htmlarea\plugins\SpellChecker\lang\ro.js --> hostpanel.com.br /www/admin/htmlarea/plugins/SpellChecker/lang ro.js
2007.08.17 18:42 B c:\sites\desenvolvidos\hostpanel.com.br\public_html\admin\htmlarea\plugins\SpellChecker\lang\WS_FTP.LOG --> hostpanel.com.br /www/admin/htmlarea/plugins/SpellChecker/lang WS_FTP.LOG
2007.08.17 22:26 B c:\sites\desenvolvidos\hostpanel.com.br\public_html\admin\htmlarea\plugins\SpellChecker\lang\cz.js <-- hostpanel.com.br /www/admin/htmlarea/plugins/SpellChecker/lang cz.js
2007.08.17 22:26 B c:\sites\desenvolvidos\hostpanel.com.br\public_html\admin\htmlarea\plugins\SpellChecker\lang\da.js <-- hostpanel.com.br /www/admin/htmlarea/plugins/SpellChecker/lang da.js
2007.08.17 22:27 B c:\sites\desenvolvidos\hostpanel.com.br\public_html\admin\htmlarea\plugins\SpellChecker\lang\de.js <-- hostpanel.com.br /www/admin/htmlarea/plugins/SpellChecker/lang de.js
2007.08.17 22:27 B c:\sites\desenvolvidos\hostpanel.com.br\public_html\admin\htmlarea\plugins\SpellChecker\lang\en.js <-- hostpanel.com.br /www/admin/htmlarea/plugins/SpellChecker/lang en.js
2007.08.17 22:27 B c:\sites\desenvolvidos\hostpanel.com.br\public_html\admin\htmlarea\plugins\SpellChecker\lang\hu.js <-- hostpanel.com.br /www/admin/htmlarea/plugins/SpellChecker/lang hu.js
2007.08.17 22:27 B c:\sites\desenvolvidos\hostpanel.com.br\public_html\admin\htmlarea\plugins\SpellChecker\lang\it.js <-- hostpanel.com.br /www/admin/htmlarea/plugins/SpellChecker/lang it.js
2007.08.17 22:27 B c:\sites\desenvolvidos\hostpanel.com.br\public_html\admin\htmlarea\plugins\SpellChecker\lang\ro.js <-- hostpanel.com.br /www/admin/htmlarea/plugins/SpellChecker/lang ro.js
2007.09.20 09:49 B c:\sites\desenvolvidos\hostpanel.com.br\public_html\admin\htmlarea\plugins\SpellChecker\lang\cz.js --> vipreseller11.net /www/admin/htmlarea/plugins/SpellChecker/lang cz.js
2007.09.20 09:49 B c:\sites\desenvolvidos\hostpanel.com.br\public_html\admin\htmlarea\plugins\SpellChecker\lang\da.js --> vipreseller11.net /www/admin/htmlarea/plugins/SpellChecker/lang da.js
2007.09.20 09:49 B c:\sites\desenvolvidos\hostpanel.com.br\public_html\admin\htmlarea\plugins\SpellChecker\lang\de.js --> vipreseller11.net /www/admin/htmlarea/plugins/SpellChecker/lang de.js
2007.09.20 09:49 B c:\sites\desenvolvidos\hostpanel.com.br\public_html\admin\htmlarea\plugins\SpellChecker\lang\en.js --> vipreseller11.net /www/admin/htmlarea/plugins/SpellChecker/lang en.js
2007.09.20 09:49 B c:\sites\desenvolvidos\hostpanel.com.br\public_html\admin\htmlarea\plugins\SpellChecker\lang\hu.js --> vipreseller11.net /www/admin/htmlarea/plugins/SpellChecker/lang hu.js
2007.09.20 09:49 B c:\sites\desenvolvidos\hostpanel.com.br\public_html\admin\htmlarea\plugins\SpellChecker\lang\it.js --> vipreseller11.net /www/admin/htmlarea/plugins/SpellChecker/lang it.js
2007.09.20 09:49 B c:\sites\desenvolvidos\hostpanel.com.br\public_html\admin\htmlarea\plugins\SpellChecker\lang\ro.js --> vipreseller11.net /www/admin/htmlarea/plugins/SpellChecker/lang ro.js
2008.09.13 16:21 B d:\sites\painelhost.com\admin\htmlarea\plugins\SpellChecker\lang\WS_FTP.LOG <-- painelhost.com /public_html/admin/htmlarea/plugins/SpellChecker/lang WS_FTP.LOG
2008.09.30 14:04 B D:\sites\painelhost.com\admin\htmlarea\plugins\SpellChecker\lang\cz.js --> empresascampinas.com.br /public_html/admin/htmlarea/plugins/SpellChecker/lang cz.js
2008.09.30 14:04 B D:\sites\painelhost.com\admin\htmlarea\plugins\SpellChecker\lang\da.js --> empresascampinas.com.br /public_html/admin/htmlarea/plugins/SpellChecker/lang da.js
2008.09.30 14:04 B D:\sites\painelhost.com\admin\htmlarea\plugins\SpellChecker\lang\de.js --> empresascampinas.com.br /public_html/admin/htmlarea/plugins/SpellChecker/lang de.js
2008.09.30 14:04 B D:\sites\painelhost.com\admin\htmlarea\plugins\SpellChecker\lang\en.js --> empresascampinas.com.br /public_html/admin/htmlarea/plugins/SpellChecker/lang en.js
2008.09.30 14:04 B D:\sites\painelhost.com\admin\htmlarea\plugins\SpellChecker\lang\hu.js --> empresascampinas.com.br /public_html/admin/htmlarea/plugins/SpellChecker/lang hu.js
2008.09.30 14:04 B D:\sites\painelhost.com\admin\htmlarea\plugins\SpellChecker\lang\it.js --> empresascampinas.com.br /public_html/admin/htmlarea/plugins/SpellChecker/lang it.js
2008.09.30 14:04 B D:\sites\painelhost.com\admin\htmlarea\plugins\SpellChecker\lang\ro.js --> empresascampinas.com.br /public_html/admin/htmlarea/plugins/SpellChecker/lang ro.js
2008.09.30 14:04 B D:\sites\painelhost.com\admin\htmlarea\plugins\SpellChecker\lang\WS_FTP.LOG --> empresascampinas.com.br /public_html/admin/htmlarea/plugins/SpellChecker/lang WS_FTP.LOG
2008.10.06 00:38 B D:\sites\painelhost.com\admin\htmlarea\plugins\SpellChecker\lang\cz.js --> painelhost.com /public_html/admin/htmlarea/plugins/SpellChecker/lang cz.js
2008.10.06 00:38 B D:\sites\painelhost.com\admin\htmlarea\plugins\SpellChecker\lang\da.js --> painelhost.com /public_html/admin/htmlarea/plugins/SpellChecker/lang da.js
2008.10.06 00:38 B D:\sites\painelhost.com\admin\htmlarea\plugins\SpellChecker\lang\de.js --> painelhost.com /public_html/admin/htmlarea/plugins/SpellChecker/lang de.js
2008.10.06 00:38 B D:\sites\painelhost.com\admin\htmlarea\plugins\SpellChecker\lang\en.js --> painelhost.com /public_html/admin/htmlarea/plugins/SpellChecker/lang en.js
2008.10.06 00:38 B D:\sites\painelhost.com\admin\htmlarea\plugins\SpellChecker\lang\hu.js --> painelhost.com /public_html/admin/htmlarea/plugins/SpellChecker/lang hu.js
2008.10.06 00:38 B D:\sites\painelhost.com\admin\htmlarea\plugins\SpellChecker\lang\it.js --> painelhost.com /public_html/admin/htmlarea/plugins/SpellChecker/lang it.js
2008.10.06 00:38 B D:\sites\painelhost.com\admin\htmlarea\plugins\SpellChecker\lang\ro.js --> painelhost.com /public_html/admin/htmlarea/plugins/SpellChecker/lang ro.js
2008.10.06 00:38 B D:\sites\painelhost.com\admin\htmlarea\plugins\SpellChecker\lang\WS_FTP.LOG --> painelhost.com /public_html/admin/htmlarea/plugins/SpellChecker/lang WS_FTP.LOG
2008.11.25 09:44 B D:\Sites\painelhost.com\admin\htmlarea\plugins\SpellChecker\lang\cz.js --> painelhost.com /public_html/admin/htmlarea/plugins/SpellChecker/lang cz.js
2008.11.25 09:44 B D:\Sites\painelhost.com\admin\htmlarea\plugins\SpellChecker\lang\da.js --> painelhost.com /public_html/admin/htmlarea/plugins/SpellChecker/lang da.js
2008.11.25 09:44 B D:\Sites\painelhost.com\admin\htmlarea\plugins\SpellChecker\lang\de.js --> painelhost.com /public_html/admin/htmlarea/plugins/SpellChecker/lang de.js
2008.11.25 09:44 B D:\Sites\painelhost.com\admin\htmlarea\plugins\SpellChecker\lang\en.js --> painelhost.com /public_html/admin/htmlarea/plugins/SpellChecker/lang en.js
2008.11.25 09:44 B D:\Sites\painelhost.com\admin\htmlarea\plugins\SpellChecker\lang\hu.js --> painelhost.com /public_html/admin/htmlarea/plugins/SpellChecker/lang hu.js
2008.11.25 09:44 B D:\Sites\painelhost.com\admin\htmlarea\plugins\SpellChecker\lang\it.js --> painelhost.com /public_html/admin/htmlarea/plugins/SpellChecker/lang it.js
2008.11.25 09:44 B D:\Sites\painelhost.com\admin\htmlarea\plugins\SpellChecker\lang\ro.js --> painelhost.com /public_html/admin/htmlarea/plugins/SpellChecker/lang ro.js
2008.11.25 09:44 B D:\Sites\painelhost.com\admin\htmlarea\plugins\SpellChecker\lang\WS_FTP.LOG --> painelhost.com /public_html/admin/htmlarea/plugins/SpellChecker/lang WS_FTP.LOG
2008.12.04 17:27 B D:\sites\painelhost.com\admin\htmlarea\plugins\SpellChecker\lang\cz.js --> avipetcampinas.com.br /public_html/admin/htmlarea/plugins/SpellChecker/lang cz.js
2008.12.04 17:27 B D:\sites\painelhost.com\admin\htmlarea\plugins\SpellChecker\lang\da.js --> avipetcampinas.com.br /public_html/admin/htmlarea/plugins/SpellChecker/lang da.js
2008.12.04 17:27 B D:\sites\painelhost.com\admin\htmlarea\plugins\SpellChecker\lang\de.js --> avipetcampinas.com.br /public_html/admin/htmlarea/plugins/SpellChecker/lang de.js
2008.12.04 17:27 B D:\sites\painelhost.com\admin\htmlarea\plugins\SpellChecker\lang\en.js --> avipetcampinas.com.br /public_html/admin/htmlarea/plugins/SpellChecker/lang en.js
2008.12.04 17:27 B D:\sites\painelhost.com\admin\htmlarea\plugins\SpellChecker\lang\hu.js --> avipetcampinas.com.br /public_html/admin/htmlarea/plugins/SpellChecker/lang hu.js
2008.12.04 17:27 B D:\sites\painelhost.com\admin\htmlarea\plugins\SpellChecker\lang\it.js --> avipetcampinas.com.br /public_html/admin/htmlarea/plugins/SpellChecker/lang it.js
2008.12.04 17:27 B D:\sites\painelhost.com\admin\htmlarea\plugins\SpellChecker\lang\ro.js --> avipetcampinas.com.br /public_html/admin/htmlarea/plugins/SpellChecker/lang ro.js
2008.12.04 17:27 B D:\sites\painelhost.com\admin\htmlarea\plugins\SpellChecker\lang\WS_FTP.LOG --> avipetcampinas.com.br /public_html/admin/htmlarea/plugins/SpellChecker/lang WS_FTP.LOG
2008.12.22 20:43 B F:\sites\desenvolvidos\painelhost.com\admin\htmlarea\plugins\SpellChecker\lang\cz.js --> painelhost.com /public_html/admin/htmlarea/plugins/SpellChecker/lang cz.js
2008.12.22 20:44 B F:\sites\desenvolvidos\painelhost.com\admin\htmlarea\plugins\SpellChecker\lang\da.js --> painelhost.com /public_html/admin/htmlarea/plugins/SpellChecker/lang da.js
2008.12.22 20:44 B F:\sites\desenvolvidos\painelhost.com\admin\htmlarea\plugins\SpellChecker\lang\de.js --> painelhost.com /public_html/admin/htmlarea/plugins/SpellChecker/lang de.js
2008.12.22 20:44 B F:\sites\desenvolvidos\painelhost.com\admin\htmlarea\plugins\SpellChecker\lang\en.js --> painelhost.com /public_html/admin/htmlarea/plugins/SpellChecker/lang en.js
2008.12.22 20:44 B F:\sites\desenvolvidos\painelhost.com\admin\htmlarea\plugins\SpellChecker\lang\hu.js --> painelhost.com /public_html/admin/htmlarea/plugins/SpellChecker/lang hu.js
2008.12.22 20:44 B F:\sites\desenvolvidos\painelhost.com\admin\htmlarea\plugins\SpellChecker\lang\it.js --> painelhost.com /public_html/admin/htmlarea/plugins/SpellChecker/lang it.js
2008.12.22 20:44 B F:\sites\desenvolvidos\painelhost.com\admin\htmlarea\plugins\SpellChecker\lang\ro.js --> painelhost.com /public_html/admin/htmlarea/plugins/SpellChecker/lang ro.js
2008.12.22 20:44 B F:\sites\desenvolvidos\painelhost.com\admin\htmlarea\plugins\SpellChecker\lang\WS_FTP.LOG --> painelhost.com /public_html/admin/htmlarea/plugins/SpellChecker/lang WS_FTP.LOG
2009.01.02 10:31 B D:\sites\desenvolvidos\empresasnainternet.com.br\admin\htmlarea\plugins\SpellChecker\lang\cz.js --> painelhost.com /public_html/admin/htmlarea/plugins/SpellChecker/lang cz.js
2009.01.02 10:31 B D:\sites\desenvolvidos\empresasnainternet.com.br\admin\htmlarea\plugins\SpellChecker\lang\da.js --> painelhost.com /public_html/admin/htmlarea/plugins/SpellChecker/lang da.js
2009.01.02 10:31 B D:\sites\desenvolvidos\empresasnainternet.com.br\admin\htmlarea\plugins\SpellChecker\lang\de.js --> painelhost.com /public_html/admin/htmlarea/plugins/SpellChecker/lang de.js
2009.01.02 10:31 B D:\sites\desenvolvidos\empresasnainternet.com.br\admin\htmlarea\plugins\SpellChecker\lang\en.js --> painelhost.com /public_html/admin/htmlarea/plugins/SpellChecker/lang en.js
2009.01.02 10:31 B D:\sites\desenvolvidos\empresasnainternet.com.br\admin\htmlarea\plugins\SpellChecker\lang\hu.js --> painelhost.com /public_html/admin/htmlarea/plugins/SpellChecker/lang hu.js
2009.01.02 10:31 B D:\sites\desenvolvidos\empresasnainternet.com.br\admin\htmlarea\plugins\SpellChecker\lang\it.js --> painelhost.com /public_html/admin/htmlarea/plugins/SpellChecker/lang it.js
2009.01.02 10:31 B D:\sites\desenvolvidos\empresasnainternet.com.br\admin\htmlarea\plugins\SpellChecker\lang\ro.js --> painelhost.com /public_html/admin/htmlarea/plugins/SpellChecker/lang ro.js
2009.01.02 11:22 B D:\sites\desenvolvimento\oliveirapinturas.com.br\admin\htmlarea\plugins\SpellChecker\lang\WS_FTP.LOG <-- oliveirapinturas.com.br /public_html/admin/htmlarea/plugins/SpellChecker/lang WS_FTP.LOG
2009.01.26 11:52 B C:\apache\htdocs\oliveirapinturas.com.br\admin\htmlarea\plugins\SpellChecker\lang\cz.js --> empresasnainternet.com.br /public_html/desenvolvimento/oliveirapinturas.com.br/admin/htmlarea/plugins/SpellChecker/lang cz.js
2009.01.26 11:52 B C:\apache\htdocs\oliveirapinturas.com.br\admin\htmlarea\plugins\SpellChecker\lang\da.js --> empresasnainternet.com.br /public_html/desenvolvimento/oliveirapinturas.com.br/admin/htmlarea/plugins/SpellChecker/lang da.js
2009.01.26 11:52 B C:\apache\htdocs\oliveirapinturas.com.br\admin\htmlarea\plugins\SpellChecker\lang\de.js --> empresasnainternet.com.br /public_html/desenvolvimento/oliveirapinturas.com.br/admin/htmlarea/plugins/SpellChecker/lang de.js
2009.01.26 11:52 B C:\apache\htdocs\oliveirapinturas.com.br\admin\htmlarea\plugins\SpellChecker\lang\en.js --> empresasnainternet.com.br /public_html/desenvolvimento/oliveirapinturas.com.br/admin/htmlarea/plugins/SpellChecker/lang en.js
2009.01.26 11:52 B C:\apache\htdocs\oliveirapinturas.com.br\admin\htmlarea\plugins\SpellChecker\lang\hu.js --> empresasnainternet.com.br /public_html/desenvolvimento/oliveirapinturas.com.br/admin/htmlarea/plugins/SpellChecker/lang hu.js
2009.01.26 11:52 B C:\apache\htdocs\oliveirapinturas.com.br\admin\htmlarea\plugins\SpellChecker\lang\it.js --> empresasnainternet.com.br /public_html/desenvolvimento/oliveirapinturas.com.br/admin/htmlarea/plugins/SpellChecker/lang it.js
2009.01.26 11:52 B C:\apache\htdocs\oliveirapinturas.com.br\admin\htmlarea\plugins\SpellChecker\lang\ro.js --> empresasnainternet.com.br /public_html/desenvolvimento/oliveirapinturas.com.br/admin/htmlarea/plugins/SpellChecker/lang ro.js
2009.01.26 11:53 B C:\apache\htdocs\oliveirapinturas.com.br\admin\htmlarea\plugins\SpellChecker\lang\WS_FTP.LOG --> empresasnainternet.com.br /public_html/desenvolvimento/oliveirapinturas.com.br/admin/htmlarea/plugins/SpellChecker/lang WS_FTP.LOG
2009.01.30 14:06 B D:\Sites\desenvolvimento\oliveirapinturas.com.br\admin\htmlarea\plugins\SpellChecker\lang\WS_FTP.LOG --> empresasnainternet.com.br /public_html/desenvolvimento/oliveirapinturas.com.br/admin/htmlarea/plugins/SpellChecker/lang WS_FTP.LOG
2009.02.03 08:49 B D:\Sites\desenvolvimento\oliveirapinturas.com.br\admin\htmlarea\plugins\SpellChecker\lang\WS_FTP.LOG --> empresasnainternet.com.br /public_html/desenvolvimento/oliveirapinturas.com.br/admin/htmlarea/plugins/SpellChecker/lang WS_FTP.LOG
2009.02.04 09:12 B D:\Sites\desenvolvimento\brasilbearlovers.com\admin\htmlarea\plugins\SpellChecker\lang\cz.js --> empresasnainternet.com.br /public_html/admin/htmlarea/plugins/SpellChecker/lang cz.js
2009.02.04 09:12 B D:\Sites\desenvolvimento\brasilbearlovers.com\admin\htmlarea\plugins\SpellChecker\lang\da.js --> empresasnainternet.com.br /public_html/admin/htmlarea/plugins/SpellChecker/lang da.js
2009.02.04 09:12 B D:\Sites\desenvolvimento\brasilbearlovers.com\admin\htmlarea\plugins\SpellChecker\lang\de.js --> empresasnainternet.com.br /public_html/admin/htmlarea/plugins/SpellChecker/lang de.js
2009.02.04 09:12 B D:\Sites\desenvolvimento\brasilbearlovers.com\admin\htmlarea\plugins\SpellChecker\lang\en.js --> empresasnainternet.com.br /public_html/admin/htmlarea/plugins/SpellChecker/lang en.js
2009.02.04 09:12 B D:\Sites\desenvolvimento\brasilbearlovers.com\admin\htmlarea\plugins\SpellChecker\lang\hu.js --> empresasnainternet.com.br /public_html/admin/htmlarea/plugins/SpellChecker/lang hu.js
2009.02.04 09:12 B D:\Sites\desenvolvimento\brasilbearlovers.com\admin\htmlarea\plugins\SpellChecker\lang\it.js --> empresasnainternet.com.br /public_html/admin/htmlarea/plugins/SpellChecker/lang it.js
2009.02.04 09:12 B D:\Sites\desenvolvimento\brasilbearlovers.com\admin\htmlarea\plugins\SpellChecker\lang\ro.js --> empresasnainternet.com.br /public_html/admin/htmlarea/plugins/SpellChecker/lang ro.js
2009.02.04 09:12 B D:\Sites\desenvolvimento\brasilbearlovers.com\admin\htmlarea\plugins\SpellChecker\lang\WS_FTP.LOG --> empresasnainternet.com.br /public_html/admin/htmlarea/plugins/SpellChecker/lang WS_FTP.LOG
2009.04.16 14:50 B D:\sites\admin\htmlarea\plugins\SpellChecker\lang\cz.js --> empresasnainternet.com.br /public_html/admin/htmlarea/plugins/SpellChecker/lang cz.js
2009.04.16 14:50 B D:\sites\admin\htmlarea\plugins\SpellChecker\lang\da.js --> empresasnainternet.com.br /public_html/admin/htmlarea/plugins/SpellChecker/lang da.js
2009.04.16 14:50 B D:\sites\admin\htmlarea\plugins\SpellChecker\lang\de.js --> empresasnainternet.com.br /public_html/admin/htmlarea/plugins/SpellChecker/lang de.js
2009.04.16 14:50 B D:\sites\admin\htmlarea\plugins\SpellChecker\lang\en.js --> empresasnainternet.com.br /public_html/admin/htmlarea/plugins/SpellChecker/lang en.js
2009.04.16 14:50 B D:\sites\admin\htmlarea\plugins\SpellChecker\lang\hu.js --> empresasnainternet.com.br /public_html/admin/htmlarea/plugins/SpellChecker/lang hu.js
2009.04.16 14:50 B D:\sites\admin\htmlarea\plugins\SpellChecker\lang\it.js --> empresasnainternet.com.br /public_html/admin/htmlarea/plugins/SpellChecker/lang it.js
2009.04.16 14:50 B D:\sites\admin\htmlarea\plugins\SpellChecker\lang\ro.js --> empresasnainternet.com.br /public_html/admin/htmlarea/plugins/SpellChecker/lang ro.js
2009.04.16 14:50 B D:\sites\admin\htmlarea\plugins\SpellChecker\lang\WS_FTP.LOG --> empresasnainternet.com.br /public_html/admin/htmlarea/plugins/SpellChecker/lang WS_FTP.LOG
2009.06.21 12:54 B d:\apresentacao\admin\htmlarea\plugins\SpellChecker\lang\cz.js --> empresasnainternet.com.br /public_html/admin/htmlarea/plugins/SpellChecker/lang cz.js
2009.06.21 12:54 B d:\apresentacao\admin\htmlarea\plugins\SpellChecker\lang\da.js --> empresasnainternet.com.br /public_html/admin/htmlarea/plugins/SpellChecker/lang da.js
2009.06.21 12:54 B d:\apresentacao\admin\htmlarea\plugins\SpellChecker\lang\de.js --> empresasnainternet.com.br /public_html/admin/htmlarea/plugins/SpellChecker/lang de.js
2009.06.21 12:54 B d:\apresentacao\admin\htmlarea\plugins\SpellChecker\lang\en.js --> empresasnainternet.com.br /public_html/admin/htmlarea/plugins/SpellChecker/lang en.js
2009.06.21 12:54 B d:\apresentacao\admin\htmlarea\plugins\SpellChecker\lang\hu.js --> empresasnainternet.com.br /public_html/admin/htmlarea/plugins/SpellChecker/lang hu.js
2009.06.21 12:54 B d:\apresentacao\admin\htmlarea\plugins\SpellChecker\lang\it.js --> empresasnainternet.com.br /public_html/admin/htmlarea/plugins/SpellChecker/lang it.js
2009.06.21 12:54 B d:\apresentacao\admin\htmlarea\plugins\SpellChecker\lang\ro.js --> empresasnainternet.com.br /public_html/admin/htmlarea/plugins/SpellChecker/lang ro.js
2009.06.21 12:54 B d:\apresentacao\admin\htmlarea\plugins\SpellChecker\lang\WS_FTP.LOG --> empresasnainternet.com.br /public_html/admin/htmlarea/plugins/SpellChecker/lang WS_FTP.LOG
2009.07.01 09:07 B D:\sites\desenvolvimento\multmetais\admin\htmlarea\plugins\SpellChecker\lang\cz.js --> empresasnainternet.com.br /public_html/admin/htmlarea/plugins/SpellChecker/lang cz.js
2009.07.01 09:07 B D:\sites\desenvolvimento\multmetais\admin\htmlarea\plugins\SpellChecker\lang\da.js --> empresasnainternet.com.br /public_html/admin/htmlarea/plugins/SpellChecker/lang da.js
2009.07.01 09:07 B D:\sites\desenvolvimento\multmetais\admin\htmlarea\plugins\SpellChecker\lang\de.js --> empresasnainternet.com.br /public_html/admin/htmlarea/plugins/SpellChecker/lang de.js
2009.07.01 09:07 B D:\sites\desenvolvimento\multmetais\admin\htmlarea\plugins\SpellChecker\lang\en.js --> empresasnainternet.com.br /public_html/admin/htmlarea/plugins/SpellChecker/lang en.js
2009.07.01 09:07 B D:\sites\desenvolvimento\multmetais\admin\htmlarea\plugins\SpellChecker\lang\hu.js --> empresasnainternet.com.br /public_html/admin/htmlarea/plugins/SpellChecker/lang hu.js
2009.07.01 09:07 B D:\sites\desenvolvimento\multmetais\admin\htmlarea\plugins\SpellChecker\lang\it.js --> empresasnainternet.com.br /public_html/admin/htmlarea/plugins/SpellChecker/lang it.js
2009.07.01 09:07 B D:\sites\desenvolvimento\multmetais\admin\htmlarea\plugins\SpellChecker\lang\ro.js --> empresasnainternet.com.br /public_html/admin/htmlarea/plugins/SpellChecker/lang ro.js
2009.07.01 09:08 B D:\sites\desenvolvimento\multmetais\admin\htmlarea\plugins\SpellChecker\lang\WS_FTP.LOG --> empresasnainternet.com.br /public_html/admin/htmlarea/plugins/SpellChecker/lang WS_FTP.LOG
