2006.05.02 13:24 B E:\outros sites\fassp.edu.br\adm\htmlarea\plugins\TableOperations\table-operations.js <-- fassp.edu.br /www/adm/htmlarea/plugins/TableOperations table-operations.js
2006.05.17 09:38 B E:\desenvolvimento\admin\htmlarea\plugins\TableOperations\table-operations.js --> 66.36.229.138 /www/admin/htmlarea/plugins/TableOperations table-operations.js
2006.05.17 09:38 B E:\desenvolvimento\admin\htmlarea\plugins\TableOperations\WS_FTP.LOG --> 66.36.229.138 /www/admin/htmlarea/plugins/TableOperations WS_FTP.LOG
2006.07.10 15:10 B D:\sites\administracao_tonaweb\admin\htmlarea\plugins\TableOperations\table-operations.js --> 66.36.229.138 /www/admin/htmlarea/plugins/TableOperations table-operations.js
2006.11.28 04:16 B C:\Arquivos de programas\WS_FTP\backup\tonaweb.org\home\www\admin\htmlarea\plugins\TableOperations\WS_FTP.LOG <-- tonaweb.org /public_html/admin/htmlarea/plugins/TableOperations WS_FTP.LOG
2006.12.15 19:53 B C:\backup\sites\hospedagem\ativos\tonaweb.org\home\public_html\admin\htmlarea\plugins\TableOperations\table-operations.js --> painelhost.com.br /public_html/admin/htmlarea/plugins/TableOperations table-operations.js
2006.12.15 19:53 B C:\backup\sites\hospedagem\ativos\tonaweb.org\home\public_html\admin\htmlarea\plugins\TableOperations\WS_FTP.LOG --> painelhost.com.br /public_html/admin/htmlarea/plugins/TableOperations WS_FTP.LOG
2006.12.20 12:31 B C:\backup\sites\desenvolvimento\painelhost_antigo\admin\htmlarea\plugins\TableOperations\table-operations.js --> 72.232.80.75 /public_html/admin/htmlarea/plugins/TableOperations table-operations.js
2007.02.05 14:33 A d:\hostpanel\sites\hostpanel.com.br\public_html\admin\htmlarea\plugins\TableOperations\WS_FTP.LOG <-- hostpanel.com.br /public_html/admin/htmlarea/plugins/TableOperations WS_FTP.LOG
2007.02.12 11:05 B d:\hostpanel\sites\hostpanel.com.br\public_html\admin\htmlarea\plugins\TableOperations\WS_FTP.LOG --> 72.232.80.77 /www/admin/htmlarea/plugins/TableOperations WS_FTP.LOG
2007.02.26 00:11 B D:\hostpanel\sites\painelhost.com\public_html\admin_demo\htmlarea\plugins\TableOperations\table-operations.js --> painelhost.com /www/admin_demo/htmlarea/plugins/TableOperations table-operations.js
2007.02.26 00:11 B D:\hostpanel\sites\painelhost.com\public_html\admin_demo\htmlarea\plugins\TableOperations\WS_FTP.LOG --> painelhost.com /www/admin_demo/htmlarea/plugins/TableOperations WS_FTP.LOG
2007.03.01 21:18 B d:\hostpanel\sites\hostpanel.com.br\public_html\admin\htmlarea\plugins\TableOperations\WS_FTP.LOG --> 72.232.80.77 /www/admin/htmlarea/plugins/TableOperations WS_FTP.LOG
2007.03.10 09:34 B D:\sites\hostpanel.com.br\public_html\admin\htmlarea\plugins\TableOperations\table-operations.js --> 72.232.80.77 /www/admin/htmlarea/plugins/TableOperations table-operations.js
2007.03.10 09:34 B D:\sites\hostpanel.com.br\public_html\admin\htmlarea\plugins\TableOperations\WS_FTP.LOG --> 72.232.80.77 /www/admin/htmlarea/plugins/TableOperations WS_FTP.LOG
2007.03.30 08:33 B d:\sites\hostpanel.com.br\public_html\admin\htmlarea\plugins\TableOperations\table-operations.js --> 72.232.80.74 /www/admin/htmlarea/plugins/TableOperations table-operations.js
2007.03.30 08:33 B d:\sites\hostpanel.com.br\public_html\admin\htmlarea\plugins\TableOperations\WS_FTP.LOG --> 72.232.80.74 /www/admin/htmlarea/plugins/TableOperations WS_FTP.LOG
2007.04.14 18:18 B C:\sites\Painel Host\nyah-hosting.net\admin\htmlarea\plugins\TableOperations\table-operations.js --> painelhost.com /www/admin/htmlarea/plugins/TableOperations table-operations.js
2007.04.14 18:18 B C:\sites\Painel Host\nyah-hosting.net\admin\htmlarea\plugins\TableOperations\WS_FTP.LOG --> painelhost.com /www/admin/htmlarea/plugins/TableOperations WS_FTP.LOG
2007.04.19 12:34 B C:\sites\Painel Host\bend.com.br\www\admin\htmlarea\plugins\TableOperations\table-operations.js --> bend.com.br /public_html/admin/htmlarea/plugins/TableOperations table-operations.js
2007.05.24 22:13 B C:\sites\Painel Host\sistemarevenda\bend.com.br\criptografado\admin\htmlarea\plugins\TableOperations\WS_FTP.LOG <-- bend.com.br /public_html/admin/htmlarea/plugins/TableOperations WS_FTP.LOG
2007.05.28 21:36 B c:\sites\Painel Host\sistemarevenda\bend.com.br\criptografado\admin\htmlarea\plugins\TableOperations\table-operations.js --> hostpanel.com.br /www/admin/htmlarea/plugins/TableOperations table-operations.js
2007.08.06 22:28 B c:\sites\desenvolvidos\hostpanel.com.br\public_html\admin\htmlarea\plugins\TableOperations\WS_FTP.LOG <-- hostpanel.com.br /public_html/admin/htmlarea/plugins/TableOperations WS_FTP.LOG
2007.08.17 18:43 B c:\sites\desenvolvidos\hostpanel.com.br\public_html\admin\htmlarea\plugins\TableOperations\table-operations.js --> hostpanel.com.br /www/admin/htmlarea/plugins/TableOperations table-operations.js
2007.08.17 22:30 B c:\sites\desenvolvidos\hostpanel.com.br\public_html\admin\htmlarea\plugins\TableOperations\WS_FTP.LOG <-- hostpanel.com.br /www/admin/htmlarea/plugins/TableOperations WS_FTP.LOG
2007.09.20 09:52 B c:\sites\desenvolvidos\hostpanel.com.br\public_html\admin\htmlarea\plugins\TableOperations\table-operations.js --> vipreseller11.net /www/admin/htmlarea/plugins/TableOperations table-operations.js
2008.09.13 16:22 B d:\sites\painelhost.com\admin\htmlarea\plugins\TableOperations\WS_FTP.LOG <-- painelhost.com /public_html/admin/htmlarea/plugins/TableOperations WS_FTP.LOG
2008.09.30 14:05 B D:\sites\painelhost.com\admin\htmlarea\plugins\TableOperations\table-operations.js --> empresascampinas.com.br /public_html/admin/htmlarea/plugins/TableOperations table-operations.js
2008.09.30 14:05 B D:\sites\painelhost.com\admin\htmlarea\plugins\TableOperations\WS_FTP.LOG --> empresascampinas.com.br /public_html/admin/htmlarea/plugins/TableOperations WS_FTP.LOG
2008.10.06 00:40 B D:\sites\painelhost.com\admin\htmlarea\plugins\TableOperations\table-operations.js --> painelhost.com /public_html/admin/htmlarea/plugins/TableOperations table-operations.js
2008.10.06 00:40 B D:\sites\painelhost.com\admin\htmlarea\plugins\TableOperations\WS_FTP.LOG --> painelhost.com /public_html/admin/htmlarea/plugins/TableOperations WS_FTP.LOG
2008.11.25 09:46 B D:\Sites\painelhost.com\admin\htmlarea\plugins\TableOperations\table-operations.js --> painelhost.com /public_html/admin/htmlarea/plugins/TableOperations table-operations.js
2008.11.25 09:46 B D:\Sites\painelhost.com\admin\htmlarea\plugins\TableOperations\WS_FTP.LOG --> painelhost.com /public_html/admin/htmlarea/plugins/TableOperations WS_FTP.LOG
2008.12.04 17:28 B D:\sites\painelhost.com\admin\htmlarea\plugins\TableOperations\table-operations.js --> avipetcampinas.com.br /public_html/admin/htmlarea/plugins/TableOperations table-operations.js
2008.12.04 17:28 B D:\sites\painelhost.com\admin\htmlarea\plugins\TableOperations\WS_FTP.LOG --> avipetcampinas.com.br /public_html/admin/htmlarea/plugins/TableOperations WS_FTP.LOG
2008.12.22 20:45 B F:\sites\desenvolvidos\painelhost.com\admin\htmlarea\plugins\TableOperations\table-operations.js --> painelhost.com /public_html/admin/htmlarea/plugins/TableOperations table-operations.js
2008.12.22 20:45 B F:\sites\desenvolvidos\painelhost.com\admin\htmlarea\plugins\TableOperations\WS_FTP.LOG --> painelhost.com /public_html/admin/htmlarea/plugins/TableOperations WS_FTP.LOG
2009.01.02 10:33 B D:\sites\desenvolvidos\empresasnainternet.com.br\admin\htmlarea\plugins\TableOperations\table-operations.js --> painelhost.com /public_html/admin/htmlarea/plugins/TableOperations table-operations.js
2009.01.02 11:23 B D:\sites\desenvolvimento\oliveirapinturas.com.br\admin\htmlarea\plugins\TableOperations\WS_FTP.LOG <-- oliveirapinturas.com.br /public_html/admin/htmlarea/plugins/TableOperations WS_FTP.LOG
2009.01.26 11:58 B C:\apache\htdocs\oliveirapinturas.com.br\admin\htmlarea\plugins\TableOperations\table-operations.js --> empresasnainternet.com.br /public_html/desenvolvimento/oliveirapinturas.com.br/admin/htmlarea/plugins/TableOperations table-operations.js
2009.01.26 11:58 B C:\apache\htdocs\oliveirapinturas.com.br\admin\htmlarea\plugins\TableOperations\WS_FTP.LOG --> empresasnainternet.com.br /public_html/desenvolvimento/oliveirapinturas.com.br/admin/htmlarea/plugins/TableOperations WS_FTP.LOG
2009.01.30 14:10 B D:\Sites\desenvolvimento\oliveirapinturas.com.br\admin\htmlarea\plugins\TableOperations\WS_FTP.LOG --> empresasnainternet.com.br /public_html/desenvolvimento/oliveirapinturas.com.br/admin/htmlarea/plugins/TableOperations WS_FTP.LOG
2009.02.03 08:50 B D:\Sites\desenvolvimento\oliveirapinturas.com.br\admin\htmlarea\plugins\TableOperations\WS_FTP.LOG --> empresasnainternet.com.br /public_html/desenvolvimento/oliveirapinturas.com.br/admin/htmlarea/plugins/TableOperations WS_FTP.LOG
2009.02.04 09:16 B D:\Sites\desenvolvimento\brasilbearlovers.com\admin\htmlarea\plugins\TableOperations\table-operations.js --> empresasnainternet.com.br /public_html/admin/htmlarea/plugins/TableOperations table-operations.js
2009.02.04 09:16 B D:\Sites\desenvolvimento\brasilbearlovers.com\admin\htmlarea\plugins\TableOperations\WS_FTP.LOG --> empresasnainternet.com.br /public_html/admin/htmlarea/plugins/TableOperations WS_FTP.LOG
2009.04.16 14:53 B D:\sites\admin\htmlarea\plugins\TableOperations\table-operations.js --> empresasnainternet.com.br /public_html/admin/htmlarea/plugins/TableOperations table-operations.js
2009.04.16 14:53 B D:\sites\admin\htmlarea\plugins\TableOperations\WS_FTP.LOG --> empresasnainternet.com.br /public_html/admin/htmlarea/plugins/TableOperations WS_FTP.LOG
2009.06.21 12:56 B d:\apresentacao\admin\htmlarea\plugins\TableOperations\table-operations.js --> empresasnainternet.com.br /public_html/admin/htmlarea/plugins/TableOperations table-operations.js
2009.06.21 12:56 B d:\apresentacao\admin\htmlarea\plugins\TableOperations\WS_FTP.LOG --> empresasnainternet.com.br /public_html/admin/htmlarea/plugins/TableOperations WS_FTP.LOG
2009.07.01 09:10 B D:\sites\desenvolvimento\multmetais\admin\htmlarea\plugins\TableOperations\table-operations.js --> empresasnainternet.com.br /public_html/admin/htmlarea/plugins/TableOperations table-operations.js
2009.07.01 09:10 B D:\sites\desenvolvimento\multmetais\admin\htmlarea\plugins\TableOperations\WS_FTP.LOG --> empresasnainternet.com.br /public_html/admin/htmlarea/plugins/TableOperations WS_FTP.LOG
